[2m19:32:22.081[m [1;31m[ERROR][m [2morg.springframework.boot.SpringApplication.reportFailure()[m [thread: 1] - Application run failed
java.lang.IllegalArgumentException: Cannot instantiate interface org.springframework.boot.SpringBootExceptionReporter : org.springframework.boot.diagnostics.FailureAnalyzers
	at org.springframework.boot.SpringApplication.createSpringFactoriesInstances(SpringApplication.java:445) [spring-boot-2.2.4.RELEASE.jar!/:2.2.4.RELEASE]
	at org.springframework.boot.SpringApplication.getSpringFactoriesInstances(SpringApplication.java:427) [spring-boot-2.2.4.RELEASE.jar!/:2.2.4.RELEASE]
	at org.springframework.boot.SpringApplication.run(SpringApplication.java:312) [spring-boot-2.2.4.RELEASE.jar!/:2.2.4.RELEASE]
	at org.springframework.boot.SpringApplication.run(SpringApplication.java:1226) [spring-boot-2.2.4.RELEASE.jar!/:2.2.4.RELEASE]
	at org.springframework.boot.SpringApplication.run(SpringApplication.java:1215) [spring-boot-2.2.4.RELEASE.jar!/:2.2.4.RELEASE]
	at es.msanchez.templates.java.spring.boot.Application.main(Application.java:23) [classes!/:0.0.1-SNAPSHOT]
	at jdk.internal.reflect.NativeMethodAccessorImpl.invoke0(Native Method) ~[?:?]
	at jdk.internal.reflect.NativeMethodAccessorImpl.invoke(NativeMethodAccessorImpl.java:62) ~[?:?]
	at jdk.internal.reflect.DelegatingMethodAccessorImpl.invoke(DelegatingMethodAccessorImpl.java:43) ~[?:?]
	at java.lang.reflect.Method.invoke(Method.java:566) ~[?:?]
	at org.springframework.boot.loader.MainMethodRunner.run(MainMethodRunner.java:48) [logging-spring-boot-0.0.1-SNAPSHOT.jar:0.0.1-SNAPSHOT]
	at org.springframework.boot.loader.Launcher.launch(Launcher.java:87) [logging-spring-boot-0.0.1-SNAPSHOT.jar:0.0.1-SNAPSHOT]
	at org.springframework.boot.loader.Launcher.launch(Launcher.java:50) [logging-spring-boot-0.0.1-SNAPSHOT.jar:0.0.1-SNAPSHOT]
	at org.springframework.boot.loader.JarLauncher.main(JarLauncher.java:51) [logging-spring-boot-0.0.1-SNAPSHOT.jar:0.0.1-SNAPSHOT]
Caused by: org.springframework.beans.BeanInstantiationException: Failed to instantiate [org.springframework.boot.diagnostics.FailureAnalyzers]: Constructor threw exception; nested exception is java.lang.NoClassDefFoundError: org/springframework/core/log/LogMessage
	at org.springframework.beans.BeanUtils.instantiateClass(BeanUtils.java:216) ~[spring-beans-5.2.3.RELEASE.jar!/:5.2.3.RELEASE]
	at org.springframework.boot.SpringApplication.createSpringFactoriesInstances(SpringApplication.java:441) ~[spring-boot-2.2.4.RELEASE.jar!/:2.2.4.RELEASE]
	... 13 more
Caused by: java.lang.NoClassDefFoundError: org/springframework/core/log/LogMessage
	at org.springframework.boot.diagnostics.FailureAnalyzers.loadFailureAnalyzers(FailureAnalyzers.java:80) ~[spring-boot-2.2.4.RELEASE.jar!/:2.2.4.RELEASE]
	at org.springframework.boot.diagnostics.FailureAnalyzers.<init>(FailureAnalyzers.java:66) ~[spring-boot-2.2.4.RELEASE.jar!/:2.2.4.RELEASE]
	at org.springframework.boot.diagnostics.FailureAnalyzers.<init>(FailureAnalyzers.java:60) ~[spring-boot-2.2.4.RELEASE.jar!/:2.2.4.RELEASE]
	at jdk.internal.reflect.NativeConstructorAccessorImpl.newInstance0(Native Method) ~[?:?]
	at jdk.internal.reflect.NativeConstructorAccessorImpl.newInstance(NativeConstructorAccessorImpl.java:62) ~[?:?]
	at jdk.internal.reflect.DelegatingConstructorAccessorImpl.newInstance(DelegatingConstructorAccessorImpl.java:45) ~[?:?]
	at java.lang.reflect.Constructor.newInstance(Constructor.java:490) ~[?:?]
	at org.springframework.beans.BeanUtils.instantiateClass(BeanUtils.java:203) ~[spring-beans-5.2.3.RELEASE.jar!/:5.2.3.RELEASE]
	at org.springframework.boot.SpringApplication.createSpringFactoriesInstances(SpringApplication.java:441) ~[spring-boot-2.2.4.RELEASE.jar!/:2.2.4.RELEASE]
	... 13 more
Caused by: java.lang.ClassNotFoundException: org.springframework.core.log.LogMessage
	at java.net.URLClassLoader.findClass(URLClassLoader.java:471) ~[?:?]
	at java.lang.ClassLoader.loadClass(ClassLoader.java:589) ~[?:?]
	at org.springframework.boot.loader.LaunchedURLClassLoader.loadClass(LaunchedURLClassLoader.java:93) ~[logging-spring-boot-0.0.1-SNAPSHOT.jar:0.0.1-SNAPSHOT]
	at java.lang.ClassLoader.loadClass(ClassLoader.java:522) ~[?:?]
	at org.springframework.boot.diagnostics.FailureAnalyzers.loadFailureAnalyzers(FailureAnalyzers.java:80) ~[spring-boot-2.2.4.RELEASE.jar!/:2.2.4.RELEASE]
	at org.springframework.boot.diagnostics.FailureAnalyzers.<init>(FailureAnalyzers.java:66) ~[spring-boot-2.2.4.RELEASE.jar!/:2.2.4.RELEASE]
	at org.springframework.boot.diagnostics.FailureAnalyzers.<init>(FailureAnalyzers.java:60) ~[spring-boot-2.2.4.RELEASE.jar!/:2.2.4.RELEASE]
	at jdk.internal.reflect.NativeConstructorAccessorImpl.newInstance0(Native Method) ~[?:?]
	at jdk.internal.reflect.NativeConstructorAccessorImpl.newInstance(NativeConstructorAccessorImpl.java:62) ~[?:?]
	at jdk.internal.reflect.DelegatingConstructorAccessorImpl.newInstance(DelegatingConstructorAccessorImpl.java:45) ~[?:?]
	at java.lang.reflect.Constructor.newInstance(Constructor.java:490) ~[?:?]
	at org.springframework.beans.BeanUtils.instantiateClass(BeanUtils.java:203) ~[spring-beans-5.2.3.RELEASE.jar!/:5.2.3.RELEASE]
	at org.springframework.boot.SpringApplication.createSpringFactoriesInstances(SpringApplication.java:441) ~[spring-boot-2.2.4.RELEASE.jar!/:2.2.4.RELEASE]
	... 13 more
[2m19:33:27.756[m [1;31m[ERROR][m [2morg.springframework.boot.SpringApplication.reportFailure()[m [thread: 1] - Application run failed
java.lang.IllegalArgumentException: Cannot instantiate interface org.springframework.boot.SpringBootExceptionReporter : org.springframework.boot.diagnostics.FailureAnalyzers
	at org.springframework.boot.SpringApplication.createSpringFactoriesInstances(SpringApplication.java:445) [spring-boot-2.2.4.RELEASE.jar!/:2.2.4.RELEASE]
	at org.springframework.boot.SpringApplication.getSpringFactoriesInstances(SpringApplication.java:427) [spring-boot-2.2.4.RELEASE.jar!/:2.2.4.RELEASE]
	at org.springframework.boot.SpringApplication.run(SpringApplication.java:312) [spring-boot-2.2.4.RELEASE.jar!/:2.2.4.RELEASE]
	at org.springframework.boot.SpringApplication.run(SpringApplication.java:1226) [spring-boot-2.2.4.RELEASE.jar!/:2.2.4.RELEASE]
	at org.springframework.boot.SpringApplication.run(SpringApplication.java:1215) [spring-boot-2.2.4.RELEASE.jar!/:2.2.4.RELEASE]
	at es.msanchez.templates.java.spring.boot.Application.main(Application.java:23) [classes!/:0.0.1-SNAPSHOT]
	at jdk.internal.reflect.NativeMethodAccessorImpl.invoke0(Native Method) ~[?:?]
	at jdk.internal.reflect.NativeMethodAccessorImpl.invoke(NativeMethodAccessorImpl.java:62) ~[?:?]
	at jdk.internal.reflect.DelegatingMethodAccessorImpl.invoke(DelegatingMethodAccessorImpl.java:43) ~[?:?]
	at java.lang.reflect.Method.invoke(Method.java:566) ~[?:?]
	at org.springframework.boot.loader.MainMethodRunner.run(MainMethodRunner.java:48) [logging-spring-boot-0.0.1-SNAPSHOT.jar:0.0.1-SNAPSHOT]
	at org.springframework.boot.loader.Launcher.launch(Launcher.java:87) [logging-spring-boot-0.0.1-SNAPSHOT.jar:0.0.1-SNAPSHOT]
	at org.springframework.boot.loader.Launcher.launch(Launcher.java:50) [logging-spring-boot-0.0.1-SNAPSHOT.jar:0.0.1-SNAPSHOT]
	at org.springframework.boot.loader.JarLauncher.main(JarLauncher.java:51) [logging-spring-boot-0.0.1-SNAPSHOT.jar:0.0.1-SNAPSHOT]
Caused by: org.springframework.beans.BeanInstantiationException: Failed to instantiate [org.springframework.boot.diagnostics.FailureAnalyzers]: Constructor threw exception; nested exception is java.lang.NoClassDefFoundError: org/springframework/core/log/LogMessage
	at org.springframework.beans.BeanUtils.instantiateClass(BeanUtils.java:216) ~[spring-beans-5.2.3.RELEASE.jar!/:5.2.3.RELEASE]
	at org.springframework.boot.SpringApplication.createSpringFactoriesInstances(SpringApplication.java:441) ~[spring-boot-2.2.4.RELEASE.jar!/:2.2.4.RELEASE]
	... 13 more
Caused by: java.lang.NoClassDefFoundError: org/springframework/core/log/LogMessage
	at org.springframework.boot.diagnostics.FailureAnalyzers.loadFailureAnalyzers(FailureAnalyzers.java:80) ~[spring-boot-2.2.4.RELEASE.jar!/:2.2.4.RELEASE]
	at org.springframework.boot.diagnostics.FailureAnalyzers.<init>(FailureAnalyzers.java:66) ~[spring-boot-2.2.4.RELEASE.jar!/:2.2.4.RELEASE]
	at org.springframework.boot.diagnostics.FailureAnalyzers.<init>(FailureAnalyzers.java:60) ~[spring-boot-2.2.4.RELEASE.jar!/:2.2.4.RELEASE]
	at jdk.internal.reflect.NativeConstructorAccessorImpl.newInstance0(Native Method) ~[?:?]
	at jdk.internal.reflect.NativeConstructorAccessorImpl.newInstance(NativeConstructorAccessorImpl.java:62) ~[?:?]
	at jdk.internal.reflect.DelegatingConstructorAccessorImpl.newInstance(DelegatingConstructorAccessorImpl.java:45) ~[?:?]
	at java.lang.reflect.Constructor.newInstance(Constructor.java:490) ~[?:?]
	at org.springframework.beans.BeanUtils.instantiateClass(BeanUtils.java:203) ~[spring-beans-5.2.3.RELEASE.jar!/:5.2.3.RELEASE]
	at org.springframework.boot.SpringApplication.createSpringFactoriesInstances(SpringApplication.java:441) ~[spring-boot-2.2.4.RELEASE.jar!/:2.2.4.RELEASE]
	... 13 more
Caused by: java.lang.ClassNotFoundException: org.springframework.core.log.LogMessage
	at java.net.URLClassLoader.findClass(URLClassLoader.java:471) ~[?:?]
	at java.lang.ClassLoader.loadClass(ClassLoader.java:589) ~[?:?]
	at org.springframework.boot.loader.LaunchedURLClassLoader.loadClass(LaunchedURLClassLoader.java:93) ~[logging-spring-boot-0.0.1-SNAPSHOT.jar:0.0.1-SNAPSHOT]
	at java.lang.ClassLoader.loadClass(ClassLoader.java:522) ~[?:?]
	at org.springframework.boot.diagnostics.FailureAnalyzers.loadFailureAnalyzers(FailureAnalyzers.java:80) ~[spring-boot-2.2.4.RELEASE.jar!/:2.2.4.RELEASE]
	at org.springframework.boot.diagnostics.FailureAnalyzers.<init>(FailureAnalyzers.java:66) ~[spring-boot-2.2.4.RELEASE.jar!/:2.2.4.RELEASE]
	at org.springframework.boot.diagnostics.FailureAnalyzers.<init>(FailureAnalyzers.java:60) ~[spring-boot-2.2.4.RELEASE.jar!/:2.2.4.RELEASE]
	at jdk.internal.reflect.NativeConstructorAccessorImpl.newInstance0(Native Method) ~[?:?]
	at jdk.internal.reflect.NativeConstructorAccessorImpl.newInstance(NativeConstructorAccessorImpl.java:62) ~[?:?]
	at jdk.internal.reflect.DelegatingConstructorAccessorImpl.newInstance(DelegatingConstructorAccessorImpl.java:45) ~[?:?]
	at java.lang.reflect.Constructor.newInstance(Constructor.java:490) ~[?:?]
	at org.springframework.beans.BeanUtils.instantiateClass(BeanUtils.java:203) ~[spring-beans-5.2.3.RELEASE.jar!/:5.2.3.RELEASE]
	at org.springframework.boot.SpringApplication.createSpringFactoriesInstances(SpringApplication.java:441) ~[spring-boot-2.2.4.RELEASE.jar!/:2.2.4.RELEASE]
	... 13 more
[2m19:36:31.747[m [1;31m[ERROR][m [2morg.springframework.boot.SpringApplication.reportFailure()[m [thread: 1] - Application run failed
java.lang.IllegalArgumentException: Cannot instantiate interface org.springframework.boot.SpringBootExceptionReporter : org.springframework.boot.diagnostics.FailureAnalyzers
	at org.springframework.boot.SpringApplication.createSpringFactoriesInstances(SpringApplication.java:445) [spring-boot-2.2.4.RELEASE.jar!/:2.2.4.RELEASE]
	at org.springframework.boot.SpringApplication.getSpringFactoriesInstances(SpringApplication.java:427) [spring-boot-2.2.4.RELEASE.jar!/:2.2.4.RELEASE]
	at org.springframework.boot.SpringApplication.run(SpringApplication.java:312) [spring-boot-2.2.4.RELEASE.jar!/:2.2.4.RELEASE]
	at org.springframework.boot.SpringApplication.run(SpringApplication.java:1226) [spring-boot-2.2.4.RELEASE.jar!/:2.2.4.RELEASE]
	at org.springframework.boot.SpringApplication.run(SpringApplication.java:1215) [spring-boot-2.2.4.RELEASE.jar!/:2.2.4.RELEASE]
	at es.msanchez.templates.java.spring.boot.Application.main(Application.java:23) [classes!/:0.0.1-SNAPSHOT]
	at jdk.internal.reflect.NativeMethodAccessorImpl.invoke0(Native Method) ~[?:?]
	at jdk.internal.reflect.NativeMethodAccessorImpl.invoke(NativeMethodAccessorImpl.java:62) ~[?:?]
	at jdk.internal.reflect.DelegatingMethodAccessorImpl.invoke(DelegatingMethodAccessorImpl.java:43) ~[?:?]
	at java.lang.reflect.Method.invoke(Method.java:566) ~[?:?]
	at org.springframework.boot.loader.MainMethodRunner.run(MainMethodRunner.java:48) [logging-spring-boot-0.0.1-SNAPSHOT.jar:0.0.1-SNAPSHOT]
	at org.springframework.boot.loader.Launcher.launch(Launcher.java:87) [logging-spring-boot-0.0.1-SNAPSHOT.jar:0.0.1-SNAPSHOT]
	at org.springframework.boot.loader.Launcher.launch(Launcher.java:50) [logging-spring-boot-0.0.1-SNAPSHOT.jar:0.0.1-SNAPSHOT]
	at org.springframework.boot.loader.JarLauncher.main(JarLauncher.java:51) [logging-spring-boot-0.0.1-SNAPSHOT.jar:0.0.1-SNAPSHOT]
Caused by: org.springframework.beans.BeanInstantiationException: Failed to instantiate [org.springframework.boot.diagnostics.FailureAnalyzers]: Constructor threw exception; nested exception is java.lang.NoClassDefFoundError: org/springframework/core/log/LogMessage
	at org.springframework.beans.BeanUtils.instantiateClass(BeanUtils.java:216) ~[spring-beans-5.2.3.RELEASE.jar!/:5.2.3.RELEASE]
	at org.springframework.boot.SpringApplication.createSpringFactoriesInstances(SpringApplication.java:441) ~[spring-boot-2.2.4.RELEASE.jar!/:2.2.4.RELEASE]
	... 13 more
Caused by: java.lang.NoClassDefFoundError: org/springframework/core/log/LogMessage
	at org.springframework.boot.diagnostics.FailureAnalyzers.loadFailureAnalyzers(FailureAnalyzers.java:80) ~[spring-boot-2.2.4.RELEASE.jar!/:2.2.4.RELEASE]
	at org.springframework.boot.diagnostics.FailureAnalyzers.<init>(FailureAnalyzers.java:66) ~[spring-boot-2.2.4.RELEASE.jar!/:2.2.4.RELEASE]
	at org.springframework.boot.diagnostics.FailureAnalyzers.<init>(FailureAnalyzers.java:60) ~[spring-boot-2.2.4.RELEASE.jar!/:2.2.4.RELEASE]
	at jdk.internal.reflect.NativeConstructorAccessorImpl.newInstance0(Native Method) ~[?:?]
	at jdk.internal.reflect.NativeConstructorAccessorImpl.newInstance(NativeConstructorAccessorImpl.java:62) ~[?:?]
	at jdk.internal.reflect.DelegatingConstructorAccessorImpl.newInstance(DelegatingConstructorAccessorImpl.java:45) ~[?:?]
	at java.lang.reflect.Constructor.newInstance(Constructor.java:490) ~[?:?]
	at org.springframework.beans.BeanUtils.instantiateClass(BeanUtils.java:203) ~[spring-beans-5.2.3.RELEASE.jar!/:5.2.3.RELEASE]
	at org.springframework.boot.SpringApplication.createSpringFactoriesInstances(SpringApplication.java:441) ~[spring-boot-2.2.4.RELEASE.jar!/:2.2.4.RELEASE]
	... 13 more
Caused by: java.lang.ClassNotFoundException: org.springframework.core.log.LogMessage
	at java.net.URLClassLoader.findClass(URLClassLoader.java:471) ~[?:?]
	at java.lang.ClassLoader.loadClass(ClassLoader.java:589) ~[?:?]
	at org.springframework.boot.loader.LaunchedURLClassLoader.loadClass(LaunchedURLClassLoader.java:93) ~[logging-spring-boot-0.0.1-SNAPSHOT.jar:0.0.1-SNAPSHOT]
	at java.lang.ClassLoader.loadClass(ClassLoader.java:522) ~[?:?]
	at org.springframework.boot.diagnostics.FailureAnalyzers.loadFailureAnalyzers(FailureAnalyzers.java:80) ~[spring-boot-2.2.4.RELEASE.jar!/:2.2.4.RELEASE]
	at org.springframework.boot.diagnostics.FailureAnalyzers.<init>(FailureAnalyzers.java:66) ~[spring-boot-2.2.4.RELEASE.jar!/:2.2.4.RELEASE]
	at org.springframework.boot.diagnostics.FailureAnalyzers.<init>(FailureAnalyzers.java:60) ~[spring-boot-2.2.4.RELEASE.jar!/:2.2.4.RELEASE]
	at jdk.internal.reflect.NativeConstructorAccessorImpl.newInstance0(Native Method) ~[?:?]
	at jdk.internal.reflect.NativeConstructorAccessorImpl.newInstance(NativeConstructorAccessorImpl.java:62) ~[?:?]
	at jdk.internal.reflect.DelegatingConstructorAccessorImpl.newInstance(DelegatingConstructorAccessorImpl.java:45) ~[?:?]
	at java.lang.reflect.Constructor.newInstance(Constructor.java:490) ~[?:?]
	at org.springframework.beans.BeanUtils.instantiateClass(BeanUtils.java:203) ~[spring-beans-5.2.3.RELEASE.jar!/:5.2.3.RELEASE]
	at org.springframework.boot.SpringApplication.createSpringFactoriesInstances(SpringApplication.java:441) ~[spring-boot-2.2.4.RELEASE.jar!/:2.2.4.RELEASE]
	... 13 more
[2m19:38:14.356[m [1;31m[ERROR][m [2morg.springframework.boot.SpringApplication.reportFailure()[m [thread: 1] - Application run failed
java.lang.IllegalArgumentException: Cannot instantiate interface org.springframework.boot.SpringBootExceptionReporter : org.springframework.boot.diagnostics.FailureAnalyzers
	at org.springframework.boot.SpringApplication.createSpringFactoriesInstances(SpringApplication.java:445) [spring-boot-2.2.4.RELEASE.jar!/:2.2.4.RELEASE]
	at org.springframework.boot.SpringApplication.getSpringFactoriesInstances(SpringApplication.java:427) [spring-boot-2.2.4.RELEASE.jar!/:2.2.4.RELEASE]
	at org.springframework.boot.SpringApplication.run(SpringApplication.java:312) [spring-boot-2.2.4.RELEASE.jar!/:2.2.4.RELEASE]
	at org.springframework.boot.SpringApplication.run(SpringApplication.java:1226) [spring-boot-2.2.4.RELEASE.jar!/:2.2.4.RELEASE]
	at org.springframework.boot.SpringApplication.run(SpringApplication.java:1215) [spring-boot-2.2.4.RELEASE.jar!/:2.2.4.RELEASE]
	at es.msanchez.templates.java.spring.boot.Application.main(Application.java:24) [classes!/:0.0.1-SNAPSHOT]
	at jdk.internal.reflect.NativeMethodAccessorImpl.invoke0(Native Method) ~[?:?]
	at jdk.internal.reflect.NativeMethodAccessorImpl.invoke(NativeMethodAccessorImpl.java:62) ~[?:?]
	at jdk.internal.reflect.DelegatingMethodAccessorImpl.invoke(DelegatingMethodAccessorImpl.java:43) ~[?:?]
	at java.lang.reflect.Method.invoke(Method.java:566) ~[?:?]
	at org.springframework.boot.loader.MainMethodRunner.run(MainMethodRunner.java:48) [logging-spring-boot-0.0.1-SNAPSHOT.jar:0.0.1-SNAPSHOT]
	at org.springframework.boot.loader.Launcher.launch(Launcher.java:87) [logging-spring-boot-0.0.1-SNAPSHOT.jar:0.0.1-SNAPSHOT]
	at org.springframework.boot.loader.Launcher.launch(Launcher.java:51) [logging-spring-boot-0.0.1-SNAPSHOT.jar:0.0.1-SNAPSHOT]
	at org.springframework.boot.loader.JarLauncher.main(JarLauncher.java:52) [logging-spring-boot-0.0.1-SNAPSHOT.jar:0.0.1-SNAPSHOT]
Caused by: org.springframework.beans.BeanInstantiationException: Failed to instantiate [org.springframework.boot.diagnostics.FailureAnalyzers]: Constructor threw exception; nested exception is java.lang.NoClassDefFoundError: org/springframework/core/log/LogMessage
	at org.springframework.beans.BeanUtils.instantiateClass(BeanUtils.java:216) ~[spring-beans-5.2.3.RELEASE.jar!/:5.2.3.RELEASE]
	at org.springframework.boot.SpringApplication.createSpringFactoriesInstances(SpringApplication.java:441) ~[spring-boot-2.2.4.RELEASE.jar!/:2.2.4.RELEASE]
	... 13 more
Caused by: java.lang.NoClassDefFoundError: org/springframework/core/log/LogMessage
	at org.springframework.boot.diagnostics.FailureAnalyzers.loadFailureAnalyzers(FailureAnalyzers.java:80) ~[spring-boot-2.2.4.RELEASE.jar!/:2.2.4.RELEASE]
	at org.springframework.boot.diagnostics.FailureAnalyzers.<init>(FailureAnalyzers.java:66) ~[spring-boot-2.2.4.RELEASE.jar!/:2.2.4.RELEASE]
	at org.springframework.boot.diagnostics.FailureAnalyzers.<init>(FailureAnalyzers.java:60) ~[spring-boot-2.2.4.RELEASE.jar!/:2.2.4.RELEASE]
	at jdk.internal.reflect.NativeConstructorAccessorImpl.newInstance0(Native Method) ~[?:?]
	at jdk.internal.reflect.NativeConstructorAccessorImpl.newInstance(NativeConstructorAccessorImpl.java:62) ~[?:?]
	at jdk.internal.reflect.DelegatingConstructorAccessorImpl.newInstance(DelegatingConstructorAccessorImpl.java:45) ~[?:?]
	at java.lang.reflect.Constructor.newInstance(Constructor.java:490) ~[?:?]
	at org.springframework.beans.BeanUtils.instantiateClass(BeanUtils.java:203) ~[spring-beans-5.2.3.RELEASE.jar!/:5.2.3.RELEASE]
	at org.springframework.boot.SpringApplication.createSpringFactoriesInstances(SpringApplication.java:441) ~[spring-boot-2.2.4.RELEASE.jar!/:2.2.4.RELEASE]
	... 13 more
Caused by: java.lang.ClassNotFoundException: org.springframework.core.log.LogMessage
	at java.net.URLClassLoader.findClass(URLClassLoader.java:471) ~[?:?]
	at java.lang.ClassLoader.loadClass(ClassLoader.java:589) ~[?:?]
	at org.springframework.boot.loader.LaunchedURLClassLoader.loadClass(LaunchedURLClassLoader.java:92) ~[logging-spring-boot-0.0.1-SNAPSHOT.jar:0.0.1-SNAPSHOT]
	at java.lang.ClassLoader.loadClass(ClassLoader.java:522) ~[?:?]
	at org.springframework.boot.diagnostics.FailureAnalyzers.loadFailureAnalyzers(FailureAnalyzers.java:80) ~[spring-boot-2.2.4.RELEASE.jar!/:2.2.4.RELEASE]
	at org.springframework.boot.diagnostics.FailureAnalyzers.<init>(FailureAnalyzers.java:66) ~[spring-boot-2.2.4.RELEASE.jar!/:2.2.4.RELEASE]
	at org.springframework.boot.diagnostics.FailureAnalyzers.<init>(FailureAnalyzers.java:60) ~[spring-boot-2.2.4.RELEASE.jar!/:2.2.4.RELEASE]
	at jdk.internal.reflect.NativeConstructorAccessorImpl.newInstance0(Native Method) ~[?:?]
	at jdk.internal.reflect.NativeConstructorAccessorImpl.newInstance(NativeConstructorAccessorImpl.java:62) ~[?:?]
	at jdk.internal.reflect.DelegatingConstructorAccessorImpl.newInstance(DelegatingConstructorAccessorImpl.java:45) ~[?:?]
	at java.lang.reflect.Constructor.newInstance(Constructor.java:490) ~[?:?]
	at org.springframework.beans.BeanUtils.instantiateClass(BeanUtils.java:203) ~[spring-beans-5.2.3.RELEASE.jar!/:5.2.3.RELEASE]
	at org.springframework.boot.SpringApplication.createSpringFactoriesInstances(SpringApplication.java:441) ~[spring-boot-2.2.4.RELEASE.jar!/:2.2.4.RELEASE]
	... 13 more
[2m19:40:23.590[m [32m[INFO][m [2mes.msanchez.templates.java.spring.boot.Application.logStarting()[m [thread: 1] - Starting Application v0.0.1-SNAPSHOT on mario-Aspire-VN7-593G with PID 13261 (/home/mario/Documentos/projects/github/mine/code-structures-ready-2-copy/java-logging-spring-boot/target/logging-spring-boot-0.0.1-SNAPSHOT.jar started by mario in /home/mario/Documentos/projects/github/mine/code-structures-ready-2-copy/java-logging-spring-boot)
[2m19:40:23.623[m [36m[DEBUG][m [2mes.msanchez.templates.java.spring.boot.Application.logStarting()[m [thread: 1] - Running with Spring Boot v2.2.4.RELEASE, Spring v5.2.3.RELEASE
[2m19:40:23.628[m [32m[INFO][m [2mes.msanchez.templates.java.spring.boot.Application.logStartupProfileInfo()[m [thread: 1] - No active profile set, falling back to default profiles: default
[2m19:40:26.750[m [32m[INFO][m [2morg.springframework.boot.web.embedded.tomcat.TomcatWebServer.initialize()[m [thread: 1] - Tomcat initialized with port(s): 34831 (http)
[2m19:40:26.813[m [32m[INFO][m [2morg.apache.coyote.http11.Http11NioProtocol.log()[m [thread: 1] - Initializing ProtocolHandler ["http-nio-34831"]
[2m19:40:26.818[m [32m[INFO][m [2morg.apache.catalina.core.StandardService.log()[m [thread: 1] - Starting service [Tomcat]
[2m19:40:26.823[m [32m[INFO][m [2morg.apache.catalina.core.StandardEngine.log()[m [thread: 1] - Starting Servlet engine: [Apache Tomcat/9.0.30]
[2m19:40:27.034[m [32m[INFO][m [2morg.apache.catalina.core.ContainerBase.[Tomcat].[localhost].[/].log()[m [thread: 1] - Initializing Spring embedded WebApplicationContext
[2m19:40:27.036[m [32m[INFO][m [2morg.springframework.web.context.ContextLoader.prepareWebApplicationContext()[m [thread: 1] - Root WebApplicationContext: initialization completed in 3242 ms
[2m19:40:27.593[m [32m[INFO][m [2morg.springframework.scheduling.concurrent.ThreadPoolTaskExecutor.initialize()[m [thread: 1] - Initializing ExecutorService 'applicationTaskExecutor'
[2m19:40:28.078[m [32m[INFO][m [2morg.apache.coyote.http11.Http11NioProtocol.log()[m [thread: 1] - Starting ProtocolHandler ["http-nio-34831"]
[2m19:40:28.162[m [32m[INFO][m [2morg.springframework.boot.web.embedded.tomcat.TomcatWebServer.start()[m [thread: 1] - Tomcat started on port(s): 34831 (http) with context path ''
[2m19:40:28.171[m [32m[INFO][m [2mes.msanchez.templates.java.spring.boot.Application.logStarted()[m [thread: 1] - Started Application in 5.695 seconds (JVM running for 8.596)
[2m19:40:28.174[m [32m[INFO][m [2mes.msanchez.templates.java.spring.boot.Application.lambda$commandLineRunner$1()[m [thread: 1] - Beans provided by Spring Boot:
[2m19:40:28.179[m [36m[DEBUG][m [2mes.msanchez.templates.java.spring.boot.Application.lambda$commandLineRunner$0()[m [thread: 1] - Bean name 'org.springframework.context.annotation.internalConfigurationAnnotationProcessor'
[2m19:40:28.180[m [36m[DEBUG][m [2mes.msanchez.templates.java.spring.boot.Application.lambda$commandLineRunner$0()[m [thread: 1] - Bean name 'org.springframework.context.annotation.internalAutowiredAnnotationProcessor'
[2m19:40:28.181[m [36m[DEBUG][m [2mes.msanchez.templates.java.spring.boot.Application.lambda$commandLineRunner$0()[m [thread: 1] - Bean name 'org.springframework.context.annotation.internalCommonAnnotationProcessor'
[2m19:40:28.182[m [36m[DEBUG][m [2mes.msanchez.templates.java.spring.boot.Application.lambda$commandLineRunner$0()[m [thread: 1] - Bean name 'org.springframework.context.event.internalEventListenerProcessor'
[2m19:40:28.183[m [36m[DEBUG][m [2mes.msanchez.templates.java.spring.boot.Application.lambda$commandLineRunner$0()[m [thread: 1] - Bean name 'org.springframework.context.event.internalEventListenerFactory'
[2m19:40:28.184[m [36m[DEBUG][m [2mes.msanchez.templates.java.spring.boot.Application.lambda$commandLineRunner$0()[m [thread: 1] - Bean name 'application'
[2m19:40:28.185[m [36m[DEBUG][m [2mes.msanchez.templates.java.spring.boot.Application.lambda$commandLineRunner$0()[m [thread: 1] - Bean name 'org.springframework.boot.autoconfigure.internalCachingMetadataReaderFactory'
[2m19:40:28.185[m [36m[DEBUG][m [2mes.msanchez.templates.java.spring.boot.Application.lambda$commandLineRunner$0()[m [thread: 1] - Bean name 'person'
[2m19:40:28.186[m [36m[DEBUG][m [2mes.msanchez.templates.java.spring.boot.Application.lambda$commandLineRunner$0()[m [thread: 1] - Bean name 'helloController'
[2m19:40:28.187[m [36m[DEBUG][m [2mes.msanchez.templates.java.spring.boot.Application.lambda$commandLineRunner$0()[m [thread: 1] - Bean name 'commandLineRunner'
[2m19:40:28.188[m [36m[DEBUG][m [2mes.msanchez.templates.java.spring.boot.Application.lambda$commandLineRunner$0()[m [thread: 1] - Bean name 'org.springframework.boot.autoconfigure.AutoConfigurationPackages'
[2m19:40:28.189[m [36m[DEBUG][m [2mes.msanchez.templates.java.spring.boot.Application.lambda$commandLineRunner$0()[m [thread: 1] - Bean name 'org.springframework.boot.autoconfigure.context.PropertyPlaceholderAutoConfiguration'
[2m19:40:28.189[m [36m[DEBUG][m [2mes.msanchez.templates.java.spring.boot.Application.lambda$commandLineRunner$0()[m [thread: 1] - Bean name 'propertySourcesPlaceholderConfigurer'
[2m19:40:28.190[m [36m[DEBUG][m [2mes.msanchez.templates.java.spring.boot.Application.lambda$commandLineRunner$0()[m [thread: 1] - Bean name 'org.springframework.boot.autoconfigure.websocket.servlet.WebSocketServletAutoConfiguration$TomcatWebSocketConfiguration'
[2m19:40:28.191[m [36m[DEBUG][m [2mes.msanchez.templates.java.spring.boot.Application.lambda$commandLineRunner$0()[m [thread: 1] - Bean name 'websocketServletWebServerCustomizer'
[2m19:40:28.192[m [36m[DEBUG][m [2mes.msanchez.templates.java.spring.boot.Application.lambda$commandLineRunner$0()[m [thread: 1] - Bean name 'org.springframework.boot.autoconfigure.websocket.servlet.WebSocketServletAutoConfiguration'
[2m19:40:28.192[m [36m[DEBUG][m [2mes.msanchez.templates.java.spring.boot.Application.lambda$commandLineRunner$0()[m [thread: 1] - Bean name 'org.springframework.boot.autoconfigure.web.servlet.ServletWebServerFactoryConfiguration$EmbeddedTomcat'
[2m19:40:28.193[m [36m[DEBUG][m [2mes.msanchez.templates.java.spring.boot.Application.lambda$commandLineRunner$0()[m [thread: 1] - Bean name 'tomcatServletWebServerFactory'
[2m19:40:28.194[m [36m[DEBUG][m [2mes.msanchez.templates.java.spring.boot.Application.lambda$commandLineRunner$0()[m [thread: 1] - Bean name 'org.springframework.boot.autoconfigure.web.servlet.ServletWebServerFactoryAutoConfiguration'
[2m19:40:28.195[m [36m[DEBUG][m [2mes.msanchez.templates.java.spring.boot.Application.lambda$commandLineRunner$0()[m [thread: 1] - Bean name 'servletWebServerFactoryCustomizer'
[2m19:40:28.195[m [36m[DEBUG][m [2mes.msanchez.templates.java.spring.boot.Application.lambda$commandLineRunner$0()[m [thread: 1] - Bean name 'tomcatServletWebServerFactoryCustomizer'
[2m19:40:28.196[m [36m[DEBUG][m [2mes.msanchez.templates.java.spring.boot.Application.lambda$commandLineRunner$0()[m [thread: 1] - Bean name 'org.springframework.boot.context.properties.ConfigurationPropertiesBindingPostProcessor'
[2m19:40:28.197[m [36m[DEBUG][m [2mes.msanchez.templates.java.spring.boot.Application.lambda$commandLineRunner$0()[m [thread: 1] - Bean name 'org.springframework.boot.context.internalConfigurationPropertiesBinderFactory'
[2m19:40:28.197[m [36m[DEBUG][m [2mes.msanchez.templates.java.spring.boot.Application.lambda$commandLineRunner$0()[m [thread: 1] - Bean name 'org.springframework.boot.context.internalConfigurationPropertiesBinder'
[2m19:40:28.198[m [36m[DEBUG][m [2mes.msanchez.templates.java.spring.boot.Application.lambda$commandLineRunner$0()[m [thread: 1] - Bean name 'org.springframework.boot.context.properties.ConfigurationPropertiesBeanDefinitionValidator'
[2m19:40:28.199[m [36m[DEBUG][m [2mes.msanchez.templates.java.spring.boot.Application.lambda$commandLineRunner$0()[m [thread: 1] - Bean name 'org.springframework.boot.context.properties.ConfigurationBeanFactoryMetadata'
[2m19:40:28.200[m [36m[DEBUG][m [2mes.msanchez.templates.java.spring.boot.Application.lambda$commandLineRunner$0()[m [thread: 1] - Bean name 'server-org.springframework.boot.autoconfigure.web.ServerProperties'
[2m19:40:28.200[m [36m[DEBUG][m [2mes.msanchez.templates.java.spring.boot.Application.lambda$commandLineRunner$0()[m [thread: 1] - Bean name 'webServerFactoryCustomizerBeanPostProcessor'
[2m19:40:28.201[m [36m[DEBUG][m [2mes.msanchez.templates.java.spring.boot.Application.lambda$commandLineRunner$0()[m [thread: 1] - Bean name 'errorPageRegistrarBeanPostProcessor'
[2m19:40:28.202[m [36m[DEBUG][m [2mes.msanchez.templates.java.spring.boot.Application.lambda$commandLineRunner$0()[m [thread: 1] - Bean name 'org.springframework.boot.autoconfigure.web.servlet.DispatcherServletAutoConfiguration$DispatcherServletConfiguration'
[2m19:40:28.203[m [36m[DEBUG][m [2mes.msanchez.templates.java.spring.boot.Application.lambda$commandLineRunner$0()[m [thread: 1] - Bean name 'dispatcherServlet'
[2m19:40:28.203[m [36m[DEBUG][m [2mes.msanchez.templates.java.spring.boot.Application.lambda$commandLineRunner$0()[m [thread: 1] - Bean name 'spring.mvc-org.springframework.boot.autoconfigure.web.servlet.WebMvcProperties'
[2m19:40:28.204[m [36m[DEBUG][m [2mes.msanchez.templates.java.spring.boot.Application.lambda$commandLineRunner$0()[m [thread: 1] - Bean name 'spring.http-org.springframework.boot.autoconfigure.http.HttpProperties'
[2m19:40:28.205[m [36m[DEBUG][m [2mes.msanchez.templates.java.spring.boot.Application.lambda$commandLineRunner$0()[m [thread: 1] - Bean name 'org.springframework.boot.autoconfigure.web.servlet.DispatcherServletAutoConfiguration$DispatcherServletRegistrationConfiguration'
[2m19:40:28.206[m [36m[DEBUG][m [2mes.msanchez.templates.java.spring.boot.Application.lambda$commandLineRunner$0()[m [thread: 1] - Bean name 'dispatcherServletRegistration'
[2m19:40:28.206[m [36m[DEBUG][m [2mes.msanchez.templates.java.spring.boot.Application.lambda$commandLineRunner$0()[m [thread: 1] - Bean name 'org.springframework.boot.autoconfigure.web.servlet.DispatcherServletAutoConfiguration'
[2m19:40:28.207[m [36m[DEBUG][m [2mes.msanchez.templates.java.spring.boot.Application.lambda$commandLineRunner$0()[m [thread: 1] - Bean name 'org.springframework.boot.autoconfigure.task.TaskExecutionAutoConfiguration'
[2m19:40:28.208[m [36m[DEBUG][m [2mes.msanchez.templates.java.spring.boot.Application.lambda$commandLineRunner$0()[m [thread: 1] - Bean name 'taskExecutorBuilder'
[2m19:40:28.209[m [36m[DEBUG][m [2mes.msanchez.templates.java.spring.boot.Application.lambda$commandLineRunner$0()[m [thread: 1] - Bean name 'applicationTaskExecutor'
[2m19:40:28.210[m [36m[DEBUG][m [2mes.msanchez.templates.java.spring.boot.Application.lambda$commandLineRunner$0()[m [thread: 1] - Bean name 'spring.task.execution-org.springframework.boot.autoconfigure.task.TaskExecutionProperties'
[2m19:40:28.211[m [36m[DEBUG][m [2mes.msanchez.templates.java.spring.boot.Application.lambda$commandLineRunner$0()[m [thread: 1] - Bean name 'org.springframework.boot.autoconfigure.validation.ValidationAutoConfiguration'
[2m19:40:28.211[m [36m[DEBUG][m [2mes.msanchez.templates.java.spring.boot.Application.lambda$commandLineRunner$0()[m [thread: 1] - Bean name 'defaultValidator'
[2m19:40:28.212[m [36m[DEBUG][m [2mes.msanchez.templates.java.spring.boot.Application.lambda$commandLineRunner$0()[m [thread: 1] - Bean name 'methodValidationPostProcessor'
[2m19:40:28.213[m [36m[DEBUG][m [2mes.msanchez.templates.java.spring.boot.Application.lambda$commandLineRunner$0()[m [thread: 1] - Bean name 'org.springframework.boot.autoconfigure.web.servlet.error.ErrorMvcAutoConfiguration$WhitelabelErrorViewConfiguration'
[2m19:40:28.214[m [36m[DEBUG][m [2mes.msanchez.templates.java.spring.boot.Application.lambda$commandLineRunner$0()[m [thread: 1] - Bean name 'error'
[2m19:40:28.215[m [36m[DEBUG][m [2mes.msanchez.templates.java.spring.boot.Application.lambda$commandLineRunner$0()[m [thread: 1] - Bean name 'beanNameViewResolver'
[2m19:40:28.215[m [36m[DEBUG][m [2mes.msanchez.templates.java.spring.boot.Application.lambda$commandLineRunner$0()[m [thread: 1] - Bean name 'org.springframework.boot.autoconfigure.web.servlet.error.ErrorMvcAutoConfiguration$DefaultErrorViewResolverConfiguration'
[2m19:40:28.216[m [36m[DEBUG][m [2mes.msanchez.templates.java.spring.boot.Application.lambda$commandLineRunner$0()[m [thread: 1] - Bean name 'conventionErrorViewResolver'
[2m19:40:28.217[m [36m[DEBUG][m [2mes.msanchez.templates.java.spring.boot.Application.lambda$commandLineRunner$0()[m [thread: 1] - Bean name 'org.springframework.boot.autoconfigure.web.servlet.error.ErrorMvcAutoConfiguration'
[2m19:40:28.218[m [36m[DEBUG][m [2mes.msanchez.templates.java.spring.boot.Application.lambda$commandLineRunner$0()[m [thread: 1] - Bean name 'errorAttributes'
[2m19:40:28.219[m [36m[DEBUG][m [2mes.msanchez.templates.java.spring.boot.Application.lambda$commandLineRunner$0()[m [thread: 1] - Bean name 'basicErrorController'
[2m19:40:28.220[m [36m[DEBUG][m [2mes.msanchez.templates.java.spring.boot.Application.lambda$commandLineRunner$0()[m [thread: 1] - Bean name 'errorPageCustomizer'
[2m19:40:28.220[m [36m[DEBUG][m [2mes.msanchez.templates.java.spring.boot.Application.lambda$commandLineRunner$0()[m [thread: 1] - Bean name 'preserveErrorControllerTargetClassPostProcessor'
[2m19:40:28.221[m [36m[DEBUG][m [2mes.msanchez.templates.java.spring.boot.Application.lambda$commandLineRunner$0()[m [thread: 1] - Bean name 'spring.resources-org.springframework.boot.autoconfigure.web.ResourceProperties'
[2m19:40:28.222[m [36m[DEBUG][m [2mes.msanchez.templates.java.spring.boot.Application.lambda$commandLineRunner$0()[m [thread: 1] - Bean name 'org.springframework.boot.autoconfigure.web.servlet.WebMvcAutoConfiguration$EnableWebMvcConfiguration'
[2m19:40:28.223[m [36m[DEBUG][m [2mes.msanchez.templates.java.spring.boot.Application.lambda$commandLineRunner$0()[m [thread: 1] - Bean name 'requestMappingHandlerAdapter'
[2m19:40:28.224[m [36m[DEBUG][m [2mes.msanchez.templates.java.spring.boot.Application.lambda$commandLineRunner$0()[m [thread: 1] - Bean name 'requestMappingHandlerMapping'
[2m19:40:28.224[m [36m[DEBUG][m [2mes.msanchez.templates.java.spring.boot.Application.lambda$commandLineRunner$0()[m [thread: 1] - Bean name 'welcomePageHandlerMapping'
[2m19:40:28.225[m [36m[DEBUG][m [2mes.msanchez.templates.java.spring.boot.Application.lambda$commandLineRunner$0()[m [thread: 1] - Bean name 'mvcConversionService'
[2m19:40:28.226[m [36m[DEBUG][m [2mes.msanchez.templates.java.spring.boot.Application.lambda$commandLineRunner$0()[m [thread: 1] - Bean name 'mvcValidator'
[2m19:40:28.227[m [36m[DEBUG][m [2mes.msanchez.templates.java.spring.boot.Application.lambda$commandLineRunner$0()[m [thread: 1] - Bean name 'mvcContentNegotiationManager'
[2m19:40:28.227[m [36m[DEBUG][m [2mes.msanchez.templates.java.spring.boot.Application.lambda$commandLineRunner$0()[m [thread: 1] - Bean name 'mvcPathMatcher'
[2m19:40:28.228[m [36m[DEBUG][m [2mes.msanchez.templates.java.spring.boot.Application.lambda$commandLineRunner$0()[m [thread: 1] - Bean name 'mvcUrlPathHelper'
[2m19:40:28.229[m [36m[DEBUG][m [2mes.msanchez.templates.java.spring.boot.Application.lambda$commandLineRunner$0()[m [thread: 1] - Bean name 'viewControllerHandlerMapping'
[2m19:40:28.230[m [36m[DEBUG][m [2mes.msanchez.templates.java.spring.boot.Application.lambda$commandLineRunner$0()[m [thread: 1] - Bean name 'beanNameHandlerMapping'
[2m19:40:28.230[m [36m[DEBUG][m [2mes.msanchez.templates.java.spring.boot.Application.lambda$commandLineRunner$0()[m [thread: 1] - Bean name 'routerFunctionMapping'
[2m19:40:28.231[m [36m[DEBUG][m [2mes.msanchez.templates.java.spring.boot.Application.lambda$commandLineRunner$0()[m [thread: 1] - Bean name 'resourceHandlerMapping'
[2m19:40:28.232[m [36m[DEBUG][m [2mes.msanchez.templates.java.spring.boot.Application.lambda$commandLineRunner$0()[m [thread: 1] - Bean name 'mvcResourceUrlProvider'
[2m19:40:28.232[m [36m[DEBUG][m [2mes.msanchez.templates.java.spring.boot.Application.lambda$commandLineRunner$0()[m [thread: 1] - Bean name 'defaultServletHandlerMapping'
[2m19:40:28.233[m [36m[DEBUG][m [2mes.msanchez.templates.java.spring.boot.Application.lambda$commandLineRunner$0()[m [thread: 1] - Bean name 'handlerFunctionAdapter'
[2m19:40:28.234[m [36m[DEBUG][m [2mes.msanchez.templates.java.spring.boot.Application.lambda$commandLineRunner$0()[m [thread: 1] - Bean name 'mvcUriComponentsContributor'
[2m19:40:28.234[m [36m[DEBUG][m [2mes.msanchez.templates.java.spring.boot.Application.lambda$commandLineRunner$0()[m [thread: 1] - Bean name 'httpRequestHandlerAdapter'
[2m19:40:28.235[m [36m[DEBUG][m [2mes.msanchez.templates.java.spring.boot.Application.lambda$commandLineRunner$0()[m [thread: 1] - Bean name 'simpleControllerHandlerAdapter'
[2m19:40:28.236[m [36m[DEBUG][m [2mes.msanchez.templates.java.spring.boot.Application.lambda$commandLineRunner$0()[m [thread: 1] - Bean name 'handlerExceptionResolver'
[2m19:40:28.237[m [36m[DEBUG][m [2mes.msanchez.templates.java.spring.boot.Application.lambda$commandLineRunner$0()[m [thread: 1] - Bean name 'mvcViewResolver'
[2m19:40:28.237[m [36m[DEBUG][m [2mes.msanchez.templates.java.spring.boot.Application.lambda$commandLineRunner$0()[m [thread: 1] - Bean name 'mvcHandlerMappingIntrospector'
[2m19:40:28.238[m [36m[DEBUG][m [2mes.msanchez.templates.java.spring.boot.Application.lambda$commandLineRunner$0()[m [thread: 1] - Bean name 'org.springframework.boot.autoconfigure.web.servlet.WebMvcAutoConfiguration$WebMvcAutoConfigurationAdapter'
[2m19:40:28.239[m [36m[DEBUG][m [2mes.msanchez.templates.java.spring.boot.Application.lambda$commandLineRunner$0()[m [thread: 1] - Bean name 'defaultViewResolver'
[2m19:40:28.240[m [36m[DEBUG][m [2mes.msanchez.templates.java.spring.boot.Application.lambda$commandLineRunner$0()[m [thread: 1] - Bean name 'viewResolver'
[2m19:40:28.240[m [36m[DEBUG][m [2mes.msanchez.templates.java.spring.boot.Application.lambda$commandLineRunner$0()[m [thread: 1] - Bean name 'requestContextFilter'
[2m19:40:28.241[m [36m[DEBUG][m [2mes.msanchez.templates.java.spring.boot.Application.lambda$commandLineRunner$0()[m [thread: 1] - Bean name 'org.springframework.boot.autoconfigure.web.servlet.WebMvcAutoConfiguration'
[2m19:40:28.242[m [36m[DEBUG][m [2mes.msanchez.templates.java.spring.boot.Application.lambda$commandLineRunner$0()[m [thread: 1] - Bean name 'formContentFilter'
[2m19:40:28.242[m [36m[DEBUG][m [2mes.msanchez.templates.java.spring.boot.Application.lambda$commandLineRunner$0()[m [thread: 1] - Bean name 'org.springframework.boot.autoconfigure.aop.AopAutoConfiguration$ClassProxyingConfiguration'
[2m19:40:28.243[m [36m[DEBUG][m [2mes.msanchez.templates.java.spring.boot.Application.lambda$commandLineRunner$0()[m [thread: 1] - Bean name 'org.springframework.boot.autoconfigure.aop.AopAutoConfiguration'
[2m19:40:28.244[m [36m[DEBUG][m [2mes.msanchez.templates.java.spring.boot.Application.lambda$commandLineRunner$0()[m [thread: 1] - Bean name 'org.springframework.boot.autoconfigure.context.ConfigurationPropertiesAutoConfiguration'
[2m19:40:28.244[m [36m[DEBUG][m [2mes.msanchez.templates.java.spring.boot.Application.lambda$commandLineRunner$0()[m [thread: 1] - Bean name 'org.springframework.boot.autoconfigure.jackson.JacksonAutoConfiguration$Jackson2ObjectMapperBuilderCustomizerConfiguration'
[2m19:40:28.245[m [36m[DEBUG][m [2mes.msanchez.templates.java.spring.boot.Application.lambda$commandLineRunner$0()[m [thread: 1] - Bean name 'standardJacksonObjectMapperBuilderCustomizer'
[2m19:40:28.246[m [36m[DEBUG][m [2mes.msanchez.templates.java.spring.boot.Application.lambda$commandLineRunner$0()[m [thread: 1] - Bean name 'spring.jackson-org.springframework.boot.autoconfigure.jackson.JacksonProperties'
[2m19:40:28.246[m [36m[DEBUG][m [2mes.msanchez.templates.java.spring.boot.Application.lambda$commandLineRunner$0()[m [thread: 1] - Bean name 'org.springframework.boot.autoconfigure.jackson.JacksonAutoConfiguration$JacksonObjectMapperBuilderConfiguration'
[2m19:40:28.247[m [36m[DEBUG][m [2mes.msanchez.templates.java.spring.boot.Application.lambda$commandLineRunner$0()[m [thread: 1] - Bean name 'jacksonObjectMapperBuilder'
[2m19:40:28.248[m [36m[DEBUG][m [2mes.msanchez.templates.java.spring.boot.Application.lambda$commandLineRunner$0()[m [thread: 1] - Bean name 'org.springframework.boot.autoconfigure.jackson.JacksonAutoConfiguration$ParameterNamesModuleConfiguration'
[2m19:40:28.249[m [36m[DEBUG][m [2mes.msanchez.templates.java.spring.boot.Application.lambda$commandLineRunner$0()[m [thread: 1] - Bean name 'parameterNamesModule'
[2m19:40:28.249[m [36m[DEBUG][m [2mes.msanchez.templates.java.spring.boot.Application.lambda$commandLineRunner$0()[m [thread: 1] - Bean name 'org.springframework.boot.autoconfigure.jackson.JacksonAutoConfiguration$JacksonObjectMapperConfiguration'
[2m19:40:28.250[m [36m[DEBUG][m [2mes.msanchez.templates.java.spring.boot.Application.lambda$commandLineRunner$0()[m [thread: 1] - Bean name 'jacksonObjectMapper'
[2m19:40:28.251[m [36m[DEBUG][m [2mes.msanchez.templates.java.spring.boot.Application.lambda$commandLineRunner$0()[m [thread: 1] - Bean name 'org.springframework.boot.autoconfigure.jackson.JacksonAutoConfiguration'
[2m19:40:28.251[m [36m[DEBUG][m [2mes.msanchez.templates.java.spring.boot.Application.lambda$commandLineRunner$0()[m [thread: 1] - Bean name 'jsonComponentModule'
[2m19:40:28.252[m [36m[DEBUG][m [2mes.msanchez.templates.java.spring.boot.Application.lambda$commandLineRunner$0()[m [thread: 1] - Bean name 'org.springframework.boot.autoconfigure.http.HttpMessageConvertersAutoConfiguration$StringHttpMessageConverterConfiguration'
[2m19:40:28.252[m [36m[DEBUG][m [2mes.msanchez.templates.java.spring.boot.Application.lambda$commandLineRunner$0()[m [thread: 1] - Bean name 'stringHttpMessageConverter'
[2m19:40:28.253[m [36m[DEBUG][m [2mes.msanchez.templates.java.spring.boot.Application.lambda$commandLineRunner$0()[m [thread: 1] - Bean name 'org.springframework.boot.autoconfigure.http.JacksonHttpMessageConvertersConfiguration$MappingJackson2HttpMessageConverterConfiguration'
[2m19:40:28.254[m [36m[DEBUG][m [2mes.msanchez.templates.java.spring.boot.Application.lambda$commandLineRunner$0()[m [thread: 1] - Bean name 'mappingJackson2HttpMessageConverter'
[2m19:40:28.254[m [36m[DEBUG][m [2mes.msanchez.templates.java.spring.boot.Application.lambda$commandLineRunner$0()[m [thread: 1] - Bean name 'org.springframework.boot.autoconfigure.http.JacksonHttpMessageConvertersConfiguration'
[2m19:40:28.255[m [36m[DEBUG][m [2mes.msanchez.templates.java.spring.boot.Application.lambda$commandLineRunner$0()[m [thread: 1] - Bean name 'org.springframework.boot.autoconfigure.http.HttpMessageConvertersAutoConfiguration'
[2m19:40:28.256[m [36m[DEBUG][m [2mes.msanchez.templates.java.spring.boot.Application.lambda$commandLineRunner$0()[m [thread: 1] - Bean name 'messageConverters'
[2m19:40:28.256[m [36m[DEBUG][m [2mes.msanchez.templates.java.spring.boot.Application.lambda$commandLineRunner$0()[m [thread: 1] - Bean name 'org.springframework.boot.autoconfigure.info.ProjectInfoAutoConfiguration'
[2m19:40:28.257[m [36m[DEBUG][m [2mes.msanchez.templates.java.spring.boot.Application.lambda$commandLineRunner$0()[m [thread: 1] - Bean name 'spring.info-org.springframework.boot.autoconfigure.info.ProjectInfoProperties'
[2m19:40:28.257[m [36m[DEBUG][m [2mes.msanchez.templates.java.spring.boot.Application.lambda$commandLineRunner$0()[m [thread: 1] - Bean name 'org.springframework.boot.autoconfigure.security.oauth2.resource.servlet.OAuth2ResourceServerAutoConfiguration'
[2m19:40:28.258[m [36m[DEBUG][m [2mes.msanchez.templates.java.spring.boot.Application.lambda$commandLineRunner$0()[m [thread: 1] - Bean name 'spring.security.oauth2.resourceserver-org.springframework.boot.autoconfigure.security.oauth2.resource.OAuth2ResourceServerProperties'
[2m19:40:28.259[m [36m[DEBUG][m [2mes.msanchez.templates.java.spring.boot.Application.lambda$commandLineRunner$0()[m [thread: 1] - Bean name 'org.springframework.boot.autoconfigure.task.TaskSchedulingAutoConfiguration'
[2m19:40:28.260[m [36m[DEBUG][m [2mes.msanchez.templates.java.spring.boot.Application.lambda$commandLineRunner$0()[m [thread: 1] - Bean name 'taskSchedulerBuilder'
[2m19:40:28.260[m [36m[DEBUG][m [2mes.msanchez.templates.java.spring.boot.Application.lambda$commandLineRunner$0()[m [thread: 1] - Bean name 'spring.task.scheduling-org.springframework.boot.autoconfigure.task.TaskSchedulingProperties'
[2m19:40:28.261[m [36m[DEBUG][m [2mes.msanchez.templates.java.spring.boot.Application.lambda$commandLineRunner$0()[m [thread: 1] - Bean name 'org.springframework.boot.autoconfigure.web.client.RestTemplateAutoConfiguration'
[2m19:40:28.261[m [36m[DEBUG][m [2mes.msanchez.templates.java.spring.boot.Application.lambda$commandLineRunner$0()[m [thread: 1] - Bean name 'restTemplateBuilder'
[2m19:40:28.262[m [36m[DEBUG][m [2mes.msanchez.templates.java.spring.boot.Application.lambda$commandLineRunner$0()[m [thread: 1] - Bean name 'org.springframework.boot.autoconfigure.web.embedded.EmbeddedWebServerFactoryCustomizerAutoConfiguration$TomcatWebServerFactoryCustomizerConfiguration'
[2m19:40:28.263[m [36m[DEBUG][m [2mes.msanchez.templates.java.spring.boot.Application.lambda$commandLineRunner$0()[m [thread: 1] - Bean name 'tomcatWebServerFactoryCustomizer'
[2m19:40:28.263[m [36m[DEBUG][m [2mes.msanchez.templates.java.spring.boot.Application.lambda$commandLineRunner$0()[m [thread: 1] - Bean name 'org.springframework.boot.autoconfigure.web.embedded.EmbeddedWebServerFactoryCustomizerAutoConfiguration'
[2m19:40:28.264[m [36m[DEBUG][m [2mes.msanchez.templates.java.spring.boot.Application.lambda$commandLineRunner$0()[m [thread: 1] - Bean name 'org.springframework.boot.autoconfigure.web.servlet.HttpEncodingAutoConfiguration'
[2m19:40:28.264[m [36m[DEBUG][m [2mes.msanchez.templates.java.spring.boot.Application.lambda$commandLineRunner$0()[m [thread: 1] - Bean name 'characterEncodingFilter'
[2m19:40:28.265[m [36m[DEBUG][m [2mes.msanchez.templates.java.spring.boot.Application.lambda$commandLineRunner$0()[m [thread: 1] - Bean name 'localeCharsetMappingsCustomizer'
[2m19:40:28.265[m [36m[DEBUG][m [2mes.msanchez.templates.java.spring.boot.Application.lambda$commandLineRunner$0()[m [thread: 1] - Bean name 'org.springframework.boot.autoconfigure.web.servlet.MultipartAutoConfiguration'
[2m19:40:28.266[m [36m[DEBUG][m [2mes.msanchez.templates.java.spring.boot.Application.lambda$commandLineRunner$0()[m [thread: 1] - Bean name 'multipartConfigElement'
[2m19:40:28.267[m [36m[DEBUG][m [2mes.msanchez.templates.java.spring.boot.Application.lambda$commandLineRunner$0()[m [thread: 1] - Bean name 'multipartResolver'
[2m19:40:28.267[m [36m[DEBUG][m [2mes.msanchez.templates.java.spring.boot.Application.lambda$commandLineRunner$0()[m [thread: 1] - Bean name 'spring.servlet.multipart-org.springframework.boot.autoconfigure.web.servlet.MultipartProperties'
[2m19:40:28.268[m [36m[DEBUG][m [2mes.msanchez.templates.java.spring.boot.Application.lambda$commandLineRunner$0()[m [thread: 1] - Bean name 'org.springframework.aop.config.internalAutoProxyCreator'
[2m19:40:31.919[m [32m[INFO][m [2morg.springframework.scheduling.concurrent.ThreadPoolTaskExecutor.shutdown()[m [thread: 33] - Shutting down ExecutorService 'applicationTaskExecutor'
